The system is: Darwin - 17.4.0 - x86_64
Compiling the C compiler identification source file "CMakeCCompilerId.c" succeeded.
Compiler: /Applications/Xcode.app/Contents/Developer/Toolchains/XcodeDefault.xctoolchain/usr/bin/cc 
Build flags: 
Id flags:  

The output was:
0


Compilation of the C compiler identification source "CMakeCCompilerId.c" produced "a.out"

The C compiler identification is AppleClang, found in "/Users/apluzhni/Desktop/doom-nukem/libzip/build/CMakeFiles/3.15.3/CompilerIdC/a.out"

Determining if the C compiler works passed with the following output:
Change Dir: /Users/apluzhni/Desktop/doom-nukem/libzip/build/CMakeFiles/CMakeTmp

Run Build Command(s):/usr/bin/make cmTC_94f62/fast && /Applications/Xcode.app/Contents/Developer/usr/bin/make -f CMakeFiles/cmTC_94f62.dir/build.make CMakeFiles/cmTC_94f62.dir/build
Building C object CMakeFiles/cmTC_94f62.dir/testCCompiler.c.o
/Applications/Xcode.app/Contents/Developer/Toolchains/XcodeDefault.xctoolchain/usr/bin/cc    -o CMakeFiles/cmTC_94f62.dir/testCCompiler.c.o   -c /Users/apluzhni/Desktop/doom-nukem/libzip/build/CMakeFiles/CMakeTmp/testCCompiler.c
Linking C executable cmTC_94f62
/Users/apluzhni/.brew/Cellar/cmake/3.15.3/bin/cmake -E cmake_link_script CMakeFiles/cmTC_94f62.dir/link.txt --verbose=1
/Applications/Xcode.app/Contents/Developer/Toolchains/XcodeDefault.xctoolchain/usr/bin/cc   -Wl,-search_paths_first -Wl,-headerpad_max_install_names   CMakeFiles/cmTC_94f62.dir/testCCompiler.c.o  -o cmTC_94f62 



Detecting C compiler ABI info compiled with the following output:
Change Dir: /Users/apluzhni/Desktop/doom-nukem/libzip/build/CMakeFiles/CMakeTmp

Run Build Command(s):/usr/bin/make cmTC_b2a7d/fast && /Applications/Xcode.app/Contents/Developer/usr/bin/make -f CMakeFiles/cmTC_b2a7d.dir/build.make CMakeFiles/cmTC_b2a7d.dir/build
Building C object CMakeFiles/cmTC_b2a7d.dir/CMakeCCompilerABI.c.o
/Applications/Xcode.app/Contents/Developer/Toolchains/XcodeDefault.xctoolchain/usr/bin/cc   -v -Wl,-v -o CMakeFiles/cmTC_b2a7d.dir/CMakeCCompilerABI.c.o   -c /Users/apluzhni/.brew/Cellar/cmake/3.15.3/share/cmake/Modules/CMakeCCompilerABI.c
Apple LLVM version 9.0.0 (clang-900.0.39.2)
Target: x86_64-apple-darwin17.4.0
Thread model: posix
InstalledDir: /Applications/Xcode.app/Contents/Developer/Toolchains/XcodeDefault.xctoolchain/usr/bin
clang: warning: -Wl,-v: 'linker' input unused [-Wunused-command-line-argument]
 "/Applications/Xcode.app/Contents/Developer/Toolchains/XcodeDefault.xctoolchain/usr/bin/clang" -cc1 -triple x86_64-apple-macosx10.13.0 -Wdeprecated-objc-isa-usage -Werror=deprecated-objc-isa-usage -emit-obj -mrelax-all -disable-free -disable-llvm-verifier -discard-value-names -main-file-name CMakeCCompilerABI.c -mrelocation-model pic -pic-level 2 -mthread-model posix -mdisable-fp-elim -fno-strict-return -masm-verbose -munwind-tables -target-cpu penryn -target-linker-version 305 -v -dwarf-column-info -debugger-tuning=lldb -coverage-notes-file /Users/apluzhni/Desktop/doom-nukem/libzip/build/CMakeFiles/CMakeTmp/CMakeFiles/cmTC_b2a7d.dir/CMakeCCompilerABI.c.gcno -resource-dir /Applications/Xcode.app/Contents/Developer/Toolchains/XcodeDefault.xctoolchain/usr/lib/clang/9.0.0 -fdebug-compilation-dir /Users/apluzhni/Desktop/doom-nukem/libzip/build/CMakeFiles/CMakeTmp -ferror-limit 19 -fmessage-length 0 -stack-protector 1 -fblocks -fobjc-runtime=macosx-10.13.0 -fencode-extended-block-signature -fmax-type-align=16 -fdiagnostics-show-option -o CMakeFiles/cmTC_b2a7d.dir/CMakeCCompilerABI.c.o -x c /Users/apluzhni/.brew/Cellar/cmake/3.15.3/share/cmake/Modules/CMakeCCompilerABI.c
clang -cc1 version 9.0.0 (clang-900.0.39.2) default target x86_64-apple-darwin17.4.0
#include "..." search starts here:
#include <...> search starts here:
 /usr/local/include
 /Applications/Xcode.app/Contents/Developer/Toolchains/XcodeDefault.xctoolchain/usr/lib/clang/9.0.0/include
 /Applications/Xcode.app/Contents/Developer/Toolchains/XcodeDefault.xctoolchain/usr/include
 /usr/include
 /System/Library/Frameworks (framework directory)
 /Library/Frameworks (framework directory)
End of search list.
Linking C executable cmTC_b2a7d
/Users/apluzhni/.brew/Cellar/cmake/3.15.3/bin/cmake -E cmake_link_script CMakeFiles/cmTC_b2a7d.dir/link.txt --verbose=1
/Applications/Xcode.app/Contents/Developer/Toolchains/XcodeDefault.xctoolchain/usr/bin/cc   -Wl,-search_paths_first -Wl,-headerpad_max_install_names  -v -Wl,-v CMakeFiles/cmTC_b2a7d.dir/CMakeCCompilerABI.c.o  -o cmTC_b2a7d 
Apple LLVM version 9.0.0 (clang-900.0.39.2)
Target: x86_64-apple-darwin17.4.0
Thread model: posix
InstalledDir: /Applications/Xcode.app/Contents/Developer/Toolchains/XcodeDefault.xctoolchain/usr/bin
 "/Applications/Xcode.app/Contents/Developer/Toolchains/XcodeDefault.xctoolchain/usr/bin/ld" -demangle -lto_library /Applications/Xcode.app/Contents/Developer/Toolchains/XcodeDefault.xctoolchain/usr/lib/libLTO.dylib -dynamic -arch x86_64 -macosx_version_min 10.13.0 -o cmTC_b2a7d -search_paths_first -headerpad_max_install_names -v CMakeFiles/cmTC_b2a7d.dir/CMakeCCompilerABI.c.o -lSystem /Applications/Xcode.app/Contents/Developer/Toolchains/XcodeDefault.xctoolchain/usr/lib/clang/9.0.0/lib/darwin/libclang_rt.osx.a
@(#)PROGRAM:ld  PROJECT:ld64-305
configured to support archs: armv6 armv7 armv7s arm64 i386 x86_64 x86_64h armv6m armv7k armv7m armv7em (tvOS)
Library search paths:
	/usr/lib
	/usr/local/lib
Framework search paths:
	/Library/Frameworks/
	/System/Library/Frameworks/



Parsed C implicit include dir info from above output: rv=done
  found start of include info
  found start of implicit include info
    add: [/usr/local/include]
    add: [/Applications/Xcode.app/Contents/Developer/Toolchains/XcodeDefault.xctoolchain/usr/lib/clang/9.0.0/include]
    add: [/Applications/Xcode.app/Contents/Developer/Toolchains/XcodeDefault.xctoolchain/usr/include]
    add: [/usr/include]
  end of search list found
  collapse include dir [/usr/local/include] ==> [/usr/local/include]
  collapse include dir [/Applications/Xcode.app/Contents/Developer/Toolchains/XcodeDefault.xctoolchain/usr/lib/clang/9.0.0/include] ==> [/Applications/Xcode.app/Contents/Developer/Toolchains/XcodeDefault.xctoolchain/usr/lib/clang/9.0.0/include]
  collapse include dir [/Applications/Xcode.app/Contents/Developer/Toolchains/XcodeDefault.xctoolchain/usr/include] ==> [/Applications/Xcode.app/Contents/Developer/Toolchains/XcodeDefault.xctoolchain/usr/include]
  collapse include dir [/usr/include] ==> [/usr/include]
  implicit include dirs: [/usr/local/include;/Applications/Xcode.app/Contents/Developer/Toolchains/XcodeDefault.xctoolchain/usr/lib/clang/9.0.0/include;/Applications/Xcode.app/Contents/Developer/Toolchains/XcodeDefault.xctoolchain/usr/include;/usr/include]


Parsed C implicit link information from above output:
  link line regex: [^( *|.*[/\])(ld|CMAKE_LINK_STARTFILE-NOTFOUND|([^/\]+-)?ld|collect2)[^/\]*( |$)]
  ignore line: [Change Dir: /Users/apluzhni/Desktop/doom-nukem/libzip/build/CMakeFiles/CMakeTmp]
  ignore line: []
  ignore line: [Run Build Command(s):/usr/bin/make cmTC_b2a7d/fast && /Applications/Xcode.app/Contents/Developer/usr/bin/make -f CMakeFiles/cmTC_b2a7d.dir/build.make CMakeFiles/cmTC_b2a7d.dir/build]
  ignore line: [Building C object CMakeFiles/cmTC_b2a7d.dir/CMakeCCompilerABI.c.o]
  ignore line: [/Applications/Xcode.app/Contents/Developer/Toolchains/XcodeDefault.xctoolchain/usr/bin/cc   -v -Wl,-v -o CMakeFiles/cmTC_b2a7d.dir/CMakeCCompilerABI.c.o   -c /Users/apluzhni/.brew/Cellar/cmake/3.15.3/share/cmake/Modules/CMakeCCompilerABI.c]
  ignore line: [Apple LLVM version 9.0.0 (clang-900.0.39.2)]
  ignore line: [Target: x86_64-apple-darwin17.4.0]
  ignore line: [Thread model: posix]
  ignore line: [InstalledDir: /Applications/Xcode.app/Contents/Developer/Toolchains/XcodeDefault.xctoolchain/usr/bin]
  ignore line: [clang: warning: -Wl,-v: 'linker' input unused [-Wunused-command-line-argument]]
  ignore line: [ "/Applications/Xcode.app/Contents/Developer/Toolchains/XcodeDefault.xctoolchain/usr/bin/clang" -cc1 -triple x86_64-apple-macosx10.13.0 -Wdeprecated-objc-isa-usage -Werror=deprecated-objc-isa-usage -emit-obj -mrelax-all -disable-free -disable-llvm-verifier -discard-value-names -main-file-name CMakeCCompilerABI.c -mrelocation-model pic -pic-level 2 -mthread-model posix -mdisable-fp-elim -fno-strict-return -masm-verbose -munwind-tables -target-cpu penryn -target-linker-version 305 -v -dwarf-column-info -debugger-tuning=lldb -coverage-notes-file /Users/apluzhni/Desktop/doom-nukem/libzip/build/CMakeFiles/CMakeTmp/CMakeFiles/cmTC_b2a7d.dir/CMakeCCompilerABI.c.gcno -resource-dir /Applications/Xcode.app/Contents/Developer/Toolchains/XcodeDefault.xctoolchain/usr/lib/clang/9.0.0 -fdebug-compilation-dir /Users/apluzhni/Desktop/doom-nukem/libzip/build/CMakeFiles/CMakeTmp -ferror-limit 19 -fmessage-length 0 -stack-protector 1 -fblocks -fobjc-runtime=macosx-10.13.0 -fencode-extended-block-signature -fmax-type-align=16 -fdiagnostics-show-option -o CMakeFiles/cmTC_b2a7d.dir/CMakeCCompilerABI.c.o -x c /Users/apluzhni/.brew/Cellar/cmake/3.15.3/share/cmake/Modules/CMakeCCompilerABI.c]
  ignore line: [clang -cc1 version 9.0.0 (clang-900.0.39.2) default target x86_64-apple-darwin17.4.0]
  ignore line: [#include "..." search starts here:]
  ignore line: [#include <...> search starts here:]
  ignore line: [ /usr/local/include]
  ignore line: [ /Applications/Xcode.app/Contents/Developer/Toolchains/XcodeDefault.xctoolchain/usr/lib/clang/9.0.0/include]
  ignore line: [ /Applications/Xcode.app/Contents/Developer/Toolchains/XcodeDefault.xctoolchain/usr/include]
  ignore line: [ /usr/include]
  ignore line: [ /System/Library/Frameworks (framework directory)]
  ignore line: [ /Library/Frameworks (framework directory)]
  ignore line: [End of search list.]
  ignore line: [Linking C executable cmTC_b2a7d]
  ignore line: [/Users/apluzhni/.brew/Cellar/cmake/3.15.3/bin/cmake -E cmake_link_script CMakeFiles/cmTC_b2a7d.dir/link.txt --verbose=1]
  ignore line: [/Applications/Xcode.app/Contents/Developer/Toolchains/XcodeDefault.xctoolchain/usr/bin/cc   -Wl,-search_paths_first -Wl,-headerpad_max_install_names  -v -Wl,-v CMakeFiles/cmTC_b2a7d.dir/CMakeCCompilerABI.c.o  -o cmTC_b2a7d ]
  ignore line: [Apple LLVM version 9.0.0 (clang-900.0.39.2)]
  ignore line: [Target: x86_64-apple-darwin17.4.0]
  ignore line: [Thread model: posix]
  ignore line: [InstalledDir: /Applications/Xcode.app/Contents/Developer/Toolchains/XcodeDefault.xctoolchain/usr/bin]
  link line: [ "/Applications/Xcode.app/Contents/Developer/Toolchains/XcodeDefault.xctoolchain/usr/bin/ld" -demangle -lto_library /Applications/Xcode.app/Contents/Developer/Toolchains/XcodeDefault.xctoolchain/usr/lib/libLTO.dylib -dynamic -arch x86_64 -macosx_version_min 10.13.0 -o cmTC_b2a7d -search_paths_first -headerpad_max_install_names -v CMakeFiles/cmTC_b2a7d.dir/CMakeCCompilerABI.c.o -lSystem /Applications/Xcode.app/Contents/Developer/Toolchains/XcodeDefault.xctoolchain/usr/lib/clang/9.0.0/lib/darwin/libclang_rt.osx.a]
    arg [/Applications/Xcode.app/Contents/Developer/Toolchains/XcodeDefault.xctoolchain/usr/bin/ld] ==> ignore
    arg [-demangle] ==> ignore
    arg [-lto_library] ==> ignore, skip following value
    arg [/Applications/Xcode.app/Contents/Developer/Toolchains/XcodeDefault.xctoolchain/usr/lib/libLTO.dylib] ==> skip value of -lto_library
    arg [-dynamic] ==> ignore
    arg [-arch] ==> ignore
    arg [x86_64] ==> ignore
    arg [-macosx_version_min] ==> ignore
    arg [10.13.0] ==> ignore
    arg [-o] ==> ignore
    arg [cmTC_b2a7d] ==> ignore
    arg [-search_paths_first] ==> ignore
    arg [-headerpad_max_install_names] ==> ignore
    arg [-v] ==> ignore
    arg [CMakeFiles/cmTC_b2a7d.dir/CMakeCCompilerABI.c.o] ==> ignore
    arg [-lSystem] ==> lib [System]
    arg [/Applications/Xcode.app/Contents/Developer/Toolchains/XcodeDefault.xctoolchain/usr/lib/clang/9.0.0/lib/darwin/libclang_rt.osx.a] ==> lib [/Applications/Xcode.app/Contents/Developer/Toolchains/XcodeDefault.xctoolchain/usr/lib/clang/9.0.0/lib/darwin/libclang_rt.osx.a]
  Library search paths: [;/usr/lib;/usr/local/lib]
  Framework search paths: [;/Library/Frameworks/;/System/Library/Frameworks/]
  remove lib [System]
  remove lib [/Applications/Xcode.app/Contents/Developer/Toolchains/XcodeDefault.xctoolchain/usr/lib/clang/9.0.0/lib/darwin/libclang_rt.osx.a]
  collapse library dir [/usr/lib] ==> [/usr/lib]
  collapse library dir [/usr/local/lib] ==> [/usr/local/lib]
  collapse framework dir [/Library/Frameworks/] ==> [/Library/Frameworks]
  collapse framework dir [/System/Library/Frameworks/] ==> [/System/Library/Frameworks]
  implicit libs: []
  implicit dirs: [/usr/lib;/usr/local/lib]
  implicit fwks: [/Library/Frameworks;/System/Library/Frameworks]


Determining if files CommonCrypto/CommonCrypto.h exist passed with the following output:
Change Dir: /Users/apluzhni/Desktop/doom-nukem/libzip/build/CMakeFiles/CMakeTmp

Run Build Command(s):/usr/bin/make cmTC_fef27/fast && /Applications/Xcode.app/Contents/Developer/usr/bin/make -f CMakeFiles/cmTC_fef27.dir/build.make CMakeFiles/cmTC_fef27.dir/build
Building C object CMakeFiles/cmTC_fef27.dir/COMMONCRYPTO_FOUND.c.o
/Applications/Xcode.app/Contents/Developer/Toolchains/XcodeDefault.xctoolchain/usr/bin/cc    -o CMakeFiles/cmTC_fef27.dir/COMMONCRYPTO_FOUND.c.o   -c /Users/apluzhni/Desktop/doom-nukem/libzip/build/CMakeFiles/CheckIncludeFiles/COMMONCRYPTO_FOUND.c
Linking C executable cmTC_fef27
/Users/apluzhni/.brew/Cellar/cmake/3.15.3/bin/cmake -E cmake_link_script CMakeFiles/cmTC_fef27.dir/link.txt --verbose=1
/Applications/Xcode.app/Contents/Developer/Toolchains/XcodeDefault.xctoolchain/usr/bin/cc   -Wl,-search_paths_first -Wl,-headerpad_max_install_names   CMakeFiles/cmTC_fef27.dir/COMMONCRYPTO_FOUND.c.o  -o cmTC_fef27 



Determining if the function clonefile exists passed with the following output:
Change Dir: /Users/apluzhni/Desktop/doom-nukem/libzip/build/CMakeFiles/CMakeTmp

Run Build Command(s):/usr/bin/make cmTC_d4b79/fast && /Applications/Xcode.app/Contents/Developer/usr/bin/make -f CMakeFiles/cmTC_d4b79.dir/build.make CMakeFiles/cmTC_d4b79.dir/build
Building C object CMakeFiles/cmTC_d4b79.dir/CheckFunctionExists.c.o
/Applications/Xcode.app/Contents/Developer/Toolchains/XcodeDefault.xctoolchain/usr/bin/cc   -DCHECK_FUNCTION_EXISTS=clonefile   -o CMakeFiles/cmTC_d4b79.dir/CheckFunctionExists.c.o   -c /Users/apluzhni/.brew/Cellar/cmake/3.15.3/share/cmake/Modules/CheckFunctionExists.c
Linking C executable cmTC_d4b79
/Users/apluzhni/.brew/Cellar/cmake/3.15.3/bin/cmake -E cmake_link_script CMakeFiles/cmTC_d4b79.dir/link.txt --verbose=1
/Applications/Xcode.app/Contents/Developer/Toolchains/XcodeDefault.xctoolchain/usr/bin/cc  -DCHECK_FUNCTION_EXISTS=clonefile -Wl,-search_paths_first -Wl,-headerpad_max_install_names   CMakeFiles/cmTC_d4b79.dir/CheckFunctionExists.c.o  -o cmTC_d4b79 



Determining if the function fileno exists passed with the following output:
Change Dir: /Users/apluzhni/Desktop/doom-nukem/libzip/build/CMakeFiles/CMakeTmp

Run Build Command(s):/usr/bin/make cmTC_0a41e/fast && /Applications/Xcode.app/Contents/Developer/usr/bin/make -f CMakeFiles/cmTC_0a41e.dir/build.make CMakeFiles/cmTC_0a41e.dir/build
Building C object CMakeFiles/cmTC_0a41e.dir/CheckFunctionExists.c.o
/Applications/Xcode.app/Contents/Developer/Toolchains/XcodeDefault.xctoolchain/usr/bin/cc   -DCHECK_FUNCTION_EXISTS=fileno   -o CMakeFiles/cmTC_0a41e.dir/CheckFunctionExists.c.o   -c /Users/apluzhni/.brew/Cellar/cmake/3.15.3/share/cmake/Modules/CheckFunctionExists.c
Linking C executable cmTC_0a41e
/Users/apluzhni/.brew/Cellar/cmake/3.15.3/bin/cmake -E cmake_link_script CMakeFiles/cmTC_0a41e.dir/link.txt --verbose=1
/Applications/Xcode.app/Contents/Developer/Toolchains/XcodeDefault.xctoolchain/usr/bin/cc  -DCHECK_FUNCTION_EXISTS=fileno -Wl,-search_paths_first -Wl,-headerpad_max_install_names   CMakeFiles/cmTC_0a41e.dir/CheckFunctionExists.c.o  -o cmTC_0a41e 



Determining if the function fseeko exists passed with the following output:
Change Dir: /Users/apluzhni/Desktop/doom-nukem/libzip/build/CMakeFiles/CMakeTmp

Run Build Command(s):/usr/bin/make cmTC_510b4/fast && /Applications/Xcode.app/Contents/Developer/usr/bin/make -f CMakeFiles/cmTC_510b4.dir/build.make CMakeFiles/cmTC_510b4.dir/build
Building C object CMakeFiles/cmTC_510b4.dir/CheckFunctionExists.c.o
/Applications/Xcode.app/Contents/Developer/Toolchains/XcodeDefault.xctoolchain/usr/bin/cc   -DCHECK_FUNCTION_EXISTS=fseeko   -o CMakeFiles/cmTC_510b4.dir/CheckFunctionExists.c.o   -c /Users/apluzhni/.brew/Cellar/cmake/3.15.3/share/cmake/Modules/CheckFunctionExists.c
Linking C executable cmTC_510b4
/Users/apluzhni/.brew/Cellar/cmake/3.15.3/bin/cmake -E cmake_link_script CMakeFiles/cmTC_510b4.dir/link.txt --verbose=1
/Applications/Xcode.app/Contents/Developer/Toolchains/XcodeDefault.xctoolchain/usr/bin/cc  -DCHECK_FUNCTION_EXISTS=fseeko -Wl,-search_paths_first -Wl,-headerpad_max_install_names   CMakeFiles/cmTC_510b4.dir/CheckFunctionExists.c.o  -o cmTC_510b4 



Determining if the function ftello exists passed with the following output:
Change Dir: /Users/apluzhni/Desktop/doom-nukem/libzip/build/CMakeFiles/CMakeTmp

Run Build Command(s):/usr/bin/make cmTC_d7871/fast && /Applications/Xcode.app/Contents/Developer/usr/bin/make -f CMakeFiles/cmTC_d7871.dir/build.make CMakeFiles/cmTC_d7871.dir/build
Building C object CMakeFiles/cmTC_d7871.dir/CheckFunctionExists.c.o
/Applications/Xcode.app/Contents/Developer/Toolchains/XcodeDefault.xctoolchain/usr/bin/cc   -DCHECK_FUNCTION_EXISTS=ftello   -o CMakeFiles/cmTC_d7871.dir/CheckFunctionExists.c.o   -c /Users/apluzhni/.brew/Cellar/cmake/3.15.3/share/cmake/Modules/CheckFunctionExists.c
Linking C executable cmTC_d7871
/Users/apluzhni/.brew/Cellar/cmake/3.15.3/bin/cmake -E cmake_link_script CMakeFiles/cmTC_d7871.dir/link.txt --verbose=1
/Applications/Xcode.app/Contents/Developer/Toolchains/XcodeDefault.xctoolchain/usr/bin/cc  -DCHECK_FUNCTION_EXISTS=ftello -Wl,-search_paths_first -Wl,-headerpad_max_install_names   CMakeFiles/cmTC_d7871.dir/CheckFunctionExists.c.o  -o cmTC_d7871 



Determining if the function getprogname exists passed with the following output:
Change Dir: /Users/apluzhni/Desktop/doom-nukem/libzip/build/CMakeFiles/CMakeTmp

Run Build Command(s):/usr/bin/make cmTC_4c0cb/fast && /Applications/Xcode.app/Contents/Developer/usr/bin/make -f CMakeFiles/cmTC_4c0cb.dir/build.make CMakeFiles/cmTC_4c0cb.dir/build
Building C object CMakeFiles/cmTC_4c0cb.dir/CheckFunctionExists.c.o
/Applications/Xcode.app/Contents/Developer/Toolchains/XcodeDefault.xctoolchain/usr/bin/cc   -DCHECK_FUNCTION_EXISTS=getprogname   -o CMakeFiles/cmTC_4c0cb.dir/CheckFunctionExists.c.o   -c /Users/apluzhni/.brew/Cellar/cmake/3.15.3/share/cmake/Modules/CheckFunctionExists.c
Linking C executable cmTC_4c0cb
/Users/apluzhni/.brew/Cellar/cmake/3.15.3/bin/cmake -E cmake_link_script CMakeFiles/cmTC_4c0cb.dir/link.txt --verbose=1
/Applications/Xcode.app/Contents/Developer/Toolchains/XcodeDefault.xctoolchain/usr/bin/cc  -DCHECK_FUNCTION_EXISTS=getprogname -Wl,-search_paths_first -Wl,-headerpad_max_install_names   CMakeFiles/cmTC_4c0cb.dir/CheckFunctionExists.c.o  -o cmTC_4c0cb 



Determining if the function open exists passed with the following output:
Change Dir: /Users/apluzhni/Desktop/doom-nukem/libzip/build/CMakeFiles/CMakeTmp

Run Build Command(s):/usr/bin/make cmTC_70f7b/fast && /Applications/Xcode.app/Contents/Developer/usr/bin/make -f CMakeFiles/cmTC_70f7b.dir/build.make CMakeFiles/cmTC_70f7b.dir/build
Building C object CMakeFiles/cmTC_70f7b.dir/CheckFunctionExists.c.o
/Applications/Xcode.app/Contents/Developer/Toolchains/XcodeDefault.xctoolchain/usr/bin/cc   -DCHECK_FUNCTION_EXISTS=open   -o CMakeFiles/cmTC_70f7b.dir/CheckFunctionExists.c.o   -c /Users/apluzhni/.brew/Cellar/cmake/3.15.3/share/cmake/Modules/CheckFunctionExists.c
Linking C executable cmTC_70f7b
/Users/apluzhni/.brew/Cellar/cmake/3.15.3/bin/cmake -E cmake_link_script CMakeFiles/cmTC_70f7b.dir/link.txt --verbose=1
/Applications/Xcode.app/Contents/Developer/Toolchains/XcodeDefault.xctoolchain/usr/bin/cc  -DCHECK_FUNCTION_EXISTS=open -Wl,-search_paths_first -Wl,-headerpad_max_install_names   CMakeFiles/cmTC_70f7b.dir/CheckFunctionExists.c.o  -o cmTC_70f7b 



Determining if the function mkstemp exists passed with the following output:
Change Dir: /Users/apluzhni/Desktop/doom-nukem/libzip/build/CMakeFiles/CMakeTmp

Run Build Command(s):/usr/bin/make cmTC_51ce7/fast && /Applications/Xcode.app/Contents/Developer/usr/bin/make -f CMakeFiles/cmTC_51ce7.dir/build.make CMakeFiles/cmTC_51ce7.dir/build
Building C object CMakeFiles/cmTC_51ce7.dir/CheckFunctionExists.c.o
/Applications/Xcode.app/Contents/Developer/Toolchains/XcodeDefault.xctoolchain/usr/bin/cc   -DCHECK_FUNCTION_EXISTS=mkstemp   -o CMakeFiles/cmTC_51ce7.dir/CheckFunctionExists.c.o   -c /Users/apluzhni/.brew/Cellar/cmake/3.15.3/share/cmake/Modules/CheckFunctionExists.c
Linking C executable cmTC_51ce7
/Users/apluzhni/.brew/Cellar/cmake/3.15.3/bin/cmake -E cmake_link_script CMakeFiles/cmTC_51ce7.dir/link.txt --verbose=1
/Applications/Xcode.app/Contents/Developer/Toolchains/XcodeDefault.xctoolchain/usr/bin/cc  -DCHECK_FUNCTION_EXISTS=mkstemp -Wl,-search_paths_first -Wl,-headerpad_max_install_names   CMakeFiles/cmTC_51ce7.dir/CheckFunctionExists.c.o  -o cmTC_51ce7 



Determining if the function setmode exists passed with the following output:
Change Dir: /Users/apluzhni/Desktop/doom-nukem/libzip/build/CMakeFiles/CMakeTmp

Run Build Command(s):/usr/bin/make cmTC_80772/fast && /Applications/Xcode.app/Contents/Developer/usr/bin/make -f CMakeFiles/cmTC_80772.dir/build.make CMakeFiles/cmTC_80772.dir/build
Building C object CMakeFiles/cmTC_80772.dir/CheckFunctionExists.c.o
/Applications/Xcode.app/Contents/Developer/Toolchains/XcodeDefault.xctoolchain/usr/bin/cc   -DCHECK_FUNCTION_EXISTS=setmode   -o CMakeFiles/cmTC_80772.dir/CheckFunctionExists.c.o   -c /Users/apluzhni/.brew/Cellar/cmake/3.15.3/share/cmake/Modules/CheckFunctionExists.c
Linking C executable cmTC_80772
/Users/apluzhni/.brew/Cellar/cmake/3.15.3/bin/cmake -E cmake_link_script CMakeFiles/cmTC_80772.dir/link.txt --verbose=1
/Applications/Xcode.app/Contents/Developer/Toolchains/XcodeDefault.xctoolchain/usr/bin/cc  -DCHECK_FUNCTION_EXISTS=setmode -Wl,-search_paths_first -Wl,-headerpad_max_install_names   CMakeFiles/cmTC_80772.dir/CheckFunctionExists.c.o  -o cmTC_80772 



Determining if the function snprintf exists passed with the following output:
Change Dir: /Users/apluzhni/Desktop/doom-nukem/libzip/build/CMakeFiles/CMakeTmp

Run Build Command(s):/usr/bin/make cmTC_3e69d/fast && /Applications/Xcode.app/Contents/Developer/usr/bin/make -f CMakeFiles/cmTC_3e69d.dir/build.make CMakeFiles/cmTC_3e69d.dir/build
Building C object CMakeFiles/cmTC_3e69d.dir/CheckFunctionExists.c.o
/Applications/Xcode.app/Contents/Developer/Toolchains/XcodeDefault.xctoolchain/usr/bin/cc   -DCHECK_FUNCTION_EXISTS=snprintf   -o CMakeFiles/cmTC_3e69d.dir/CheckFunctionExists.c.o   -c /Users/apluzhni/.brew/Cellar/cmake/3.15.3/share/cmake/Modules/CheckFunctionExists.c
/Users/apluzhni/.brew/Cellar/cmake/3.15.3/share/cmake/Modules/CheckFunctionExists.c:7:3: warning: incompatible redeclaration of library function 'snprintf' [-Wincompatible-library-redeclaration]
  CHECK_FUNCTION_EXISTS(void);
  ^
<command line>:1:31: note: expanded from here
#define CHECK_FUNCTION_EXISTS snprintf
                              ^
/Users/apluzhni/.brew/Cellar/cmake/3.15.3/share/cmake/Modules/CheckFunctionExists.c:7:3: note: 'snprintf' is a builtin with type 'int (char *, unsigned long, const char *, ...)'
<command line>:1:31: note: expanded from here
#define CHECK_FUNCTION_EXISTS snprintf
                              ^
1 warning generated.
Linking C executable cmTC_3e69d
/Users/apluzhni/.brew/Cellar/cmake/3.15.3/bin/cmake -E cmake_link_script CMakeFiles/cmTC_3e69d.dir/link.txt --verbose=1
/Applications/Xcode.app/Contents/Developer/Toolchains/XcodeDefault.xctoolchain/usr/bin/cc  -DCHECK_FUNCTION_EXISTS=snprintf -Wl,-search_paths_first -Wl,-headerpad_max_install_names   CMakeFiles/cmTC_3e69d.dir/CheckFunctionExists.c.o  -o cmTC_3e69d 



Determining if the function strcasecmp exists passed with the following output:
Change Dir: /Users/apluzhni/Desktop/doom-nukem/libzip/build/CMakeFiles/CMakeTmp

Run Build Command(s):/usr/bin/make cmTC_00561/fast && /Applications/Xcode.app/Contents/Developer/usr/bin/make -f CMakeFiles/cmTC_00561.dir/build.make CMakeFiles/cmTC_00561.dir/build
Building C object CMakeFiles/cmTC_00561.dir/CheckFunctionExists.c.o
/Applications/Xcode.app/Contents/Developer/Toolchains/XcodeDefault.xctoolchain/usr/bin/cc   -DCHECK_FUNCTION_EXISTS=strcasecmp   -o CMakeFiles/cmTC_00561.dir/CheckFunctionExists.c.o   -c /Users/apluzhni/.brew/Cellar/cmake/3.15.3/share/cmake/Modules/CheckFunctionExists.c
/Users/apluzhni/.brew/Cellar/cmake/3.15.3/share/cmake/Modules/CheckFunctionExists.c:7:3: warning: incompatible redeclaration of library function 'strcasecmp' [-Wincompatible-library-redeclaration]
  CHECK_FUNCTION_EXISTS(void);
  ^
<command line>:1:31: note: expanded from here
#define CHECK_FUNCTION_EXISTS strcasecmp
                              ^
/Users/apluzhni/.brew/Cellar/cmake/3.15.3/share/cmake/Modules/CheckFunctionExists.c:7:3: note: 'strcasecmp' is a builtin with type 'int (const char *, const char *)'
<command line>:1:31: note: expanded from here
#define CHECK_FUNCTION_EXISTS strcasecmp
                              ^
1 warning generated.
Linking C executable cmTC_00561
/Users/apluzhni/.brew/Cellar/cmake/3.15.3/bin/cmake -E cmake_link_script CMakeFiles/cmTC_00561.dir/link.txt --verbose=1
/Applications/Xcode.app/Contents/Developer/Toolchains/XcodeDefault.xctoolchain/usr/bin/cc  -DCHECK_FUNCTION_EXISTS=strcasecmp -Wl,-search_paths_first -Wl,-headerpad_max_install_names   CMakeFiles/cmTC_00561.dir/CheckFunctionExists.c.o  -o cmTC_00561 



Determining if the function strdup exists passed with the following output:
Change Dir: /Users/apluzhni/Desktop/doom-nukem/libzip/build/CMakeFiles/CMakeTmp

Run Build Command(s):/usr/bin/make cmTC_4cac8/fast && /Applications/Xcode.app/Contents/Developer/usr/bin/make -f CMakeFiles/cmTC_4cac8.dir/build.make CMakeFiles/cmTC_4cac8.dir/build
Building C object CMakeFiles/cmTC_4cac8.dir/CheckFunctionExists.c.o
/Applications/Xcode.app/Contents/Developer/Toolchains/XcodeDefault.xctoolchain/usr/bin/cc   -DCHECK_FUNCTION_EXISTS=strdup   -o CMakeFiles/cmTC_4cac8.dir/CheckFunctionExists.c.o   -c /Users/apluzhni/.brew/Cellar/cmake/3.15.3/share/cmake/Modules/CheckFunctionExists.c
/Users/apluzhni/.brew/Cellar/cmake/3.15.3/share/cmake/Modules/CheckFunctionExists.c:7:3: warning: incompatible redeclaration of library function 'strdup' [-Wincompatible-library-redeclaration]
  CHECK_FUNCTION_EXISTS(void);
  ^
<command line>:1:31: note: expanded from here
#define CHECK_FUNCTION_EXISTS strdup
                              ^
/Users/apluzhni/.brew/Cellar/cmake/3.15.3/share/cmake/Modules/CheckFunctionExists.c:7:3: note: 'strdup' is a builtin with type 'char *(const char *)'
<command line>:1:31: note: expanded from here
#define CHECK_FUNCTION_EXISTS strdup
                              ^
1 warning generated.
Linking C executable cmTC_4cac8
/Users/apluzhni/.brew/Cellar/cmake/3.15.3/bin/cmake -E cmake_link_script CMakeFiles/cmTC_4cac8.dir/link.txt --verbose=1
/Applications/Xcode.app/Contents/Developer/Toolchains/XcodeDefault.xctoolchain/usr/bin/cc  -DCHECK_FUNCTION_EXISTS=strdup -Wl,-search_paths_first -Wl,-headerpad_max_install_names   CMakeFiles/cmTC_4cac8.dir/CheckFunctionExists.c.o  -o cmTC_4cac8 



Determining if the function strtoll exists passed with the following output:
Change Dir: /Users/apluzhni/Desktop/doom-nukem/libzip/build/CMakeFiles/CMakeTmp

Run Build Command(s):/usr/bin/make cmTC_7cbfe/fast && /Applications/Xcode.app/Contents/Developer/usr/bin/make -f CMakeFiles/cmTC_7cbfe.dir/build.make CMakeFiles/cmTC_7cbfe.dir/build
Building C object CMakeFiles/cmTC_7cbfe.dir/CheckFunctionExists.c.o
/Applications/Xcode.app/Contents/Developer/Toolchains/XcodeDefault.xctoolchain/usr/bin/cc   -DCHECK_FUNCTION_EXISTS=strtoll   -o CMakeFiles/cmTC_7cbfe.dir/CheckFunctionExists.c.o   -c /Users/apluzhni/.brew/Cellar/cmake/3.15.3/share/cmake/Modules/CheckFunctionExists.c
Linking C executable cmTC_7cbfe
/Users/apluzhni/.brew/Cellar/cmake/3.15.3/bin/cmake -E cmake_link_script CMakeFiles/cmTC_7cbfe.dir/link.txt --verbose=1
/Applications/Xcode.app/Contents/Developer/Toolchains/XcodeDefault.xctoolchain/usr/bin/cc  -DCHECK_FUNCTION_EXISTS=strtoll -Wl,-search_paths_first -Wl,-headerpad_max_install_names   CMakeFiles/cmTC_7cbfe.dir/CheckFunctionExists.c.o  -o cmTC_7cbfe 



Determining if the function strtoull exists passed with the following output:
Change Dir: /Users/apluzhni/Desktop/doom-nukem/libzip/build/CMakeFiles/CMakeTmp

Run Build Command(s):/usr/bin/make cmTC_4f556/fast && /Applications/Xcode.app/Contents/Developer/usr/bin/make -f CMakeFiles/cmTC_4f556.dir/build.make CMakeFiles/cmTC_4f556.dir/build
Building C object CMakeFiles/cmTC_4f556.dir/CheckFunctionExists.c.o
/Applications/Xcode.app/Contents/Developer/Toolchains/XcodeDefault.xctoolchain/usr/bin/cc   -DCHECK_FUNCTION_EXISTS=strtoull   -o CMakeFiles/cmTC_4f556.dir/CheckFunctionExists.c.o   -c /Users/apluzhni/.brew/Cellar/cmake/3.15.3/share/cmake/Modules/CheckFunctionExists.c
Linking C executable cmTC_4f556
/Users/apluzhni/.brew/Cellar/cmake/3.15.3/bin/cmake -E cmake_link_script CMakeFiles/cmTC_4f556.dir/link.txt --verbose=1
/Applications/Xcode.app/Contents/Developer/Toolchains/XcodeDefault.xctoolchain/usr/bin/cc  -DCHECK_FUNCTION_EXISTS=strtoull -Wl,-search_paths_first -Wl,-headerpad_max_install_names   CMakeFiles/cmTC_4f556.dir/CheckFunctionExists.c.o  -o cmTC_4f556 



Determining if files sys/types.h;sys/stat.h;fts.h exist passed with the following output:
Change Dir: /Users/apluzhni/Desktop/doom-nukem/libzip/build/CMakeFiles/CMakeTmp

Run Build Command(s):/usr/bin/make cmTC_9643d/fast && /Applications/Xcode.app/Contents/Developer/usr/bin/make -f CMakeFiles/cmTC_9643d.dir/build.make CMakeFiles/cmTC_9643d.dir/build
Building C object CMakeFiles/cmTC_9643d.dir/HAVE_FTS_H.c.o
/Applications/Xcode.app/Contents/Developer/Toolchains/XcodeDefault.xctoolchain/usr/bin/cc    -o CMakeFiles/cmTC_9643d.dir/HAVE_FTS_H.c.o   -c /Users/apluzhni/Desktop/doom-nukem/libzip/build/CMakeFiles/CheckIncludeFiles/HAVE_FTS_H.c
Linking C executable cmTC_9643d
/Users/apluzhni/.brew/Cellar/cmake/3.15.3/bin/cmake -E cmake_link_script CMakeFiles/cmTC_9643d.dir/link.txt --verbose=1
/Applications/Xcode.app/Contents/Developer/Toolchains/XcodeDefault.xctoolchain/usr/bin/cc   -Wl,-search_paths_first -Wl,-headerpad_max_install_names   CMakeFiles/cmTC_9643d.dir/HAVE_FTS_H.c.o  -o cmTC_9643d 



Determining if files stdbool.h exist passed with the following output:
Change Dir: /Users/apluzhni/Desktop/doom-nukem/libzip/build/CMakeFiles/CMakeTmp

Run Build Command(s):/usr/bin/make cmTC_247f1/fast && /Applications/Xcode.app/Contents/Developer/usr/bin/make -f CMakeFiles/cmTC_247f1.dir/build.make CMakeFiles/cmTC_247f1.dir/build
Building C object CMakeFiles/cmTC_247f1.dir/HAVE_STDBOOL_H.c.o
/Applications/Xcode.app/Contents/Developer/Toolchains/XcodeDefault.xctoolchain/usr/bin/cc    -o CMakeFiles/cmTC_247f1.dir/HAVE_STDBOOL_H.c.o   -c /Users/apluzhni/Desktop/doom-nukem/libzip/build/CMakeFiles/CheckIncludeFiles/HAVE_STDBOOL_H.c
Linking C executable cmTC_247f1
/Users/apluzhni/.brew/Cellar/cmake/3.15.3/bin/cmake -E cmake_link_script CMakeFiles/cmTC_247f1.dir/link.txt --verbose=1
/Applications/Xcode.app/Contents/Developer/Toolchains/XcodeDefault.xctoolchain/usr/bin/cc   -Wl,-search_paths_first -Wl,-headerpad_max_install_names   CMakeFiles/cmTC_247f1.dir/HAVE_STDBOOL_H.c.o  -o cmTC_247f1 



Determining if files strings.h exist passed with the following output:
Change Dir: /Users/apluzhni/Desktop/doom-nukem/libzip/build/CMakeFiles/CMakeTmp

Run Build Command(s):/usr/bin/make cmTC_3683a/fast && /Applications/Xcode.app/Contents/Developer/usr/bin/make -f CMakeFiles/cmTC_3683a.dir/build.make CMakeFiles/cmTC_3683a.dir/build
Building C object CMakeFiles/cmTC_3683a.dir/HAVE_STRINGS_H.c.o
/Applications/Xcode.app/Contents/Developer/Toolchains/XcodeDefault.xctoolchain/usr/bin/cc    -o CMakeFiles/cmTC_3683a.dir/HAVE_STRINGS_H.c.o   -c /Users/apluzhni/Desktop/doom-nukem/libzip/build/CMakeFiles/CheckIncludeFiles/HAVE_STRINGS_H.c
Linking C executable cmTC_3683a
/Users/apluzhni/.brew/Cellar/cmake/3.15.3/bin/cmake -E cmake_link_script CMakeFiles/cmTC_3683a.dir/link.txt --verbose=1
/Applications/Xcode.app/Contents/Developer/Toolchains/XcodeDefault.xctoolchain/usr/bin/cc   -Wl,-search_paths_first -Wl,-headerpad_max_install_names   CMakeFiles/cmTC_3683a.dir/HAVE_STRINGS_H.c.o  -o cmTC_3683a 



Determining if files unistd.h exist passed with the following output:
Change Dir: /Users/apluzhni/Desktop/doom-nukem/libzip/build/CMakeFiles/CMakeTmp

Run Build Command(s):/usr/bin/make cmTC_cf901/fast && /Applications/Xcode.app/Contents/Developer/usr/bin/make -f CMakeFiles/cmTC_cf901.dir/build.make CMakeFiles/cmTC_cf901.dir/build
Building C object CMakeFiles/cmTC_cf901.dir/HAVE_UNISTD_H.c.o
/Applications/Xcode.app/Contents/Developer/Toolchains/XcodeDefault.xctoolchain/usr/bin/cc    -o CMakeFiles/cmTC_cf901.dir/HAVE_UNISTD_H.c.o   -c /Users/apluzhni/Desktop/doom-nukem/libzip/build/CMakeFiles/CheckIncludeFiles/HAVE_UNISTD_H.c
Linking C executable cmTC_cf901
/Users/apluzhni/.brew/Cellar/cmake/3.15.3/bin/cmake -E cmake_link_script CMakeFiles/cmTC_cf901.dir/link.txt --verbose=1
/Applications/Xcode.app/Contents/Developer/Toolchains/XcodeDefault.xctoolchain/usr/bin/cc   -Wl,-search_paths_first -Wl,-headerpad_max_install_names   CMakeFiles/cmTC_cf901.dir/HAVE_UNISTD_H.c.o  -o cmTC_cf901 



Determining if files inttypes.h exist passed with the following output:
Change Dir: /Users/apluzhni/Desktop/doom-nukem/libzip/build/CMakeFiles/CMakeTmp

Run Build Command(s):/usr/bin/make cmTC_a1b8d/fast && /Applications/Xcode.app/Contents/Developer/usr/bin/make -f CMakeFiles/cmTC_a1b8d.dir/build.make CMakeFiles/cmTC_a1b8d.dir/build
Building C object CMakeFiles/cmTC_a1b8d.dir/HAVE_INTTYPES_H_LIBZIP.c.o
/Applications/Xcode.app/Contents/Developer/Toolchains/XcodeDefault.xctoolchain/usr/bin/cc    -o CMakeFiles/cmTC_a1b8d.dir/HAVE_INTTYPES_H_LIBZIP.c.o   -c /Users/apluzhni/Desktop/doom-nukem/libzip/build/CMakeFiles/CheckIncludeFiles/HAVE_INTTYPES_H_LIBZIP.c
Linking C executable cmTC_a1b8d
/Users/apluzhni/.brew/Cellar/cmake/3.15.3/bin/cmake -E cmake_link_script CMakeFiles/cmTC_a1b8d.dir/link.txt --verbose=1
/Applications/Xcode.app/Contents/Developer/Toolchains/XcodeDefault.xctoolchain/usr/bin/cc   -Wl,-search_paths_first -Wl,-headerpad_max_install_names   CMakeFiles/cmTC_a1b8d.dir/HAVE_INTTYPES_H_LIBZIP.c.o  -o cmTC_a1b8d 



Determining if files stdint.h exist passed with the following output:
Change Dir: /Users/apluzhni/Desktop/doom-nukem/libzip/build/CMakeFiles/CMakeTmp

Run Build Command(s):/usr/bin/make cmTC_571f2/fast && /Applications/Xcode.app/Contents/Developer/usr/bin/make -f CMakeFiles/cmTC_571f2.dir/build.make CMakeFiles/cmTC_571f2.dir/build
Building C object CMakeFiles/cmTC_571f2.dir/HAVE_STDINT_H_LIBZIP.c.o
/Applications/Xcode.app/Contents/Developer/Toolchains/XcodeDefault.xctoolchain/usr/bin/cc    -o CMakeFiles/cmTC_571f2.dir/HAVE_STDINT_H_LIBZIP.c.o   -c /Users/apluzhni/Desktop/doom-nukem/libzip/build/CMakeFiles/CheckIncludeFiles/HAVE_STDINT_H_LIBZIP.c
Linking C executable cmTC_571f2
/Users/apluzhni/.brew/Cellar/cmake/3.15.3/bin/cmake -E cmake_link_script CMakeFiles/cmTC_571f2.dir/link.txt --verbose=1
/Applications/Xcode.app/Contents/Developer/Toolchains/XcodeDefault.xctoolchain/usr/bin/cc   -Wl,-search_paths_first -Wl,-headerpad_max_install_names   CMakeFiles/cmTC_571f2.dir/HAVE_STDINT_H_LIBZIP.c.o  -o cmTC_571f2 



Determining if files sys/types.h exist passed with the following output:
Change Dir: /Users/apluzhni/Desktop/doom-nukem/libzip/build/CMakeFiles/CMakeTmp

Run Build Command(s):/usr/bin/make cmTC_29b3d/fast && /Applications/Xcode.app/Contents/Developer/usr/bin/make -f CMakeFiles/cmTC_29b3d.dir/build.make CMakeFiles/cmTC_29b3d.dir/build
Building C object CMakeFiles/cmTC_29b3d.dir/HAVE_SYS_TYPES_H_LIBZIP.c.o
/Applications/Xcode.app/Contents/Developer/Toolchains/XcodeDefault.xctoolchain/usr/bin/cc    -o CMakeFiles/cmTC_29b3d.dir/HAVE_SYS_TYPES_H_LIBZIP.c.o   -c /Users/apluzhni/Desktop/doom-nukem/libzip/build/CMakeFiles/CheckIncludeFiles/HAVE_SYS_TYPES_H_LIBZIP.c
Linking C executable cmTC_29b3d
/Users/apluzhni/.brew/Cellar/cmake/3.15.3/bin/cmake -E cmake_link_script CMakeFiles/cmTC_29b3d.dir/link.txt --verbose=1
/Applications/Xcode.app/Contents/Developer/Toolchains/XcodeDefault.xctoolchain/usr/bin/cc   -Wl,-search_paths_first -Wl,-headerpad_max_install_names   CMakeFiles/cmTC_29b3d.dir/HAVE_SYS_TYPES_H_LIBZIP.c.o  -o cmTC_29b3d 



Determining if the include file sys/types.h exists passed with the following output:
Change Dir: /Users/apluzhni/Desktop/doom-nukem/libzip/build/CMakeFiles/CMakeTmp

Run Build Command(s):/usr/bin/make cmTC_bb72c/fast && /Applications/Xcode.app/Contents/Developer/usr/bin/make -f CMakeFiles/cmTC_bb72c.dir/build.make CMakeFiles/cmTC_bb72c.dir/build
Building C object CMakeFiles/cmTC_bb72c.dir/CheckIncludeFile.c.o
/Applications/Xcode.app/Contents/Developer/Toolchains/XcodeDefault.xctoolchain/usr/bin/cc    -o CMakeFiles/cmTC_bb72c.dir/CheckIncludeFile.c.o   -c /Users/apluzhni/Desktop/doom-nukem/libzip/build/CMakeFiles/CMakeTmp/CheckIncludeFile.c
Linking C executable cmTC_bb72c
/Users/apluzhni/.brew/Cellar/cmake/3.15.3/bin/cmake -E cmake_link_script CMakeFiles/cmTC_bb72c.dir/link.txt --verbose=1
/Applications/Xcode.app/Contents/Developer/Toolchains/XcodeDefault.xctoolchain/usr/bin/cc   -Wl,-search_paths_first -Wl,-headerpad_max_install_names   CMakeFiles/cmTC_bb72c.dir/CheckIncludeFile.c.o  -o cmTC_bb72c 



Determining if the include file stdint.h exists passed with the following output:
Change Dir: /Users/apluzhni/Desktop/doom-nukem/libzip/build/CMakeFiles/CMakeTmp

Run Build Command(s):/usr/bin/make cmTC_96b9b/fast && /Applications/Xcode.app/Contents/Developer/usr/bin/make -f CMakeFiles/cmTC_96b9b.dir/build.make CMakeFiles/cmTC_96b9b.dir/build
Building C object CMakeFiles/cmTC_96b9b.dir/CheckIncludeFile.c.o
/Applications/Xcode.app/Contents/Developer/Toolchains/XcodeDefault.xctoolchain/usr/bin/cc    -o CMakeFiles/cmTC_96b9b.dir/CheckIncludeFile.c.o   -c /Users/apluzhni/Desktop/doom-nukem/libzip/build/CMakeFiles/CMakeTmp/CheckIncludeFile.c
Linking C executable cmTC_96b9b
/Users/apluzhni/.brew/Cellar/cmake/3.15.3/bin/cmake -E cmake_link_script CMakeFiles/cmTC_96b9b.dir/link.txt --verbose=1
/Applications/Xcode.app/Contents/Developer/Toolchains/XcodeDefault.xctoolchain/usr/bin/cc   -Wl,-search_paths_first -Wl,-headerpad_max_install_names   CMakeFiles/cmTC_96b9b.dir/CheckIncludeFile.c.o  -o cmTC_96b9b 



Determining if the include file stddef.h exists passed with the following output:
Change Dir: /Users/apluzhni/Desktop/doom-nukem/libzip/build/CMakeFiles/CMakeTmp

Run Build Command(s):/usr/bin/make cmTC_b4340/fast && /Applications/Xcode.app/Contents/Developer/usr/bin/make -f CMakeFiles/cmTC_b4340.dir/build.make CMakeFiles/cmTC_b4340.dir/build
Building C object CMakeFiles/cmTC_b4340.dir/CheckIncludeFile.c.o
/Applications/Xcode.app/Contents/Developer/Toolchains/XcodeDefault.xctoolchain/usr/bin/cc    -o CMakeFiles/cmTC_b4340.dir/CheckIncludeFile.c.o   -c /Users/apluzhni/Desktop/doom-nukem/libzip/build/CMakeFiles/CMakeTmp/CheckIncludeFile.c
Linking C executable cmTC_b4340
/Users/apluzhni/.brew/Cellar/cmake/3.15.3/bin/cmake -E cmake_link_script CMakeFiles/cmTC_b4340.dir/link.txt --verbose=1
/Applications/Xcode.app/Contents/Developer/Toolchains/XcodeDefault.xctoolchain/usr/bin/cc   -Wl,-search_paths_first -Wl,-headerpad_max_install_names   CMakeFiles/cmTC_b4340.dir/CheckIncludeFile.c.o  -o cmTC_b4340 



Determining size of int8_t passed with the following output:
Change Dir: /Users/apluzhni/Desktop/doom-nukem/libzip/build/CMakeFiles/CMakeTmp

Run Build Command(s):/usr/bin/make cmTC_3fe9c/fast && /Applications/Xcode.app/Contents/Developer/usr/bin/make -f CMakeFiles/cmTC_3fe9c.dir/build.make CMakeFiles/cmTC_3fe9c.dir/build
Building C object CMakeFiles/cmTC_3fe9c.dir/INT8_T_LIBZIP.c.o
/Applications/Xcode.app/Contents/Developer/Toolchains/XcodeDefault.xctoolchain/usr/bin/cc    -o CMakeFiles/cmTC_3fe9c.dir/INT8_T_LIBZIP.c.o   -c /Users/apluzhni/Desktop/doom-nukem/libzip/build/CMakeFiles/CheckTypeSize/INT8_T_LIBZIP.c
Linking C executable cmTC_3fe9c
/Users/apluzhni/.brew/Cellar/cmake/3.15.3/bin/cmake -E cmake_link_script CMakeFiles/cmTC_3fe9c.dir/link.txt --verbose=1
/Applications/Xcode.app/Contents/Developer/Toolchains/XcodeDefault.xctoolchain/usr/bin/cc   -Wl,-search_paths_first -Wl,-headerpad_max_install_names   CMakeFiles/cmTC_3fe9c.dir/INT8_T_LIBZIP.c.o  -o cmTC_3fe9c 



Determining size of uint8_t passed with the following output:
Change Dir: /Users/apluzhni/Desktop/doom-nukem/libzip/build/CMakeFiles/CMakeTmp

Run Build Command(s):/usr/bin/make cmTC_adbce/fast && /Applications/Xcode.app/Contents/Developer/usr/bin/make -f CMakeFiles/cmTC_adbce.dir/build.make CMakeFiles/cmTC_adbce.dir/build
Building C object CMakeFiles/cmTC_adbce.dir/UINT8_T_LIBZIP.c.o
/Applications/Xcode.app/Contents/Developer/Toolchains/XcodeDefault.xctoolchain/usr/bin/cc    -o CMakeFiles/cmTC_adbce.dir/UINT8_T_LIBZIP.c.o   -c /Users/apluzhni/Desktop/doom-nukem/libzip/build/CMakeFiles/CheckTypeSize/UINT8_T_LIBZIP.c
Linking C executable cmTC_adbce
/Users/apluzhni/.brew/Cellar/cmake/3.15.3/bin/cmake -E cmake_link_script CMakeFiles/cmTC_adbce.dir/link.txt --verbose=1
/Applications/Xcode.app/Contents/Developer/Toolchains/XcodeDefault.xctoolchain/usr/bin/cc   -Wl,-search_paths_first -Wl,-headerpad_max_install_names   CMakeFiles/cmTC_adbce.dir/UINT8_T_LIBZIP.c.o  -o cmTC_adbce 



Determining size of int16_t passed with the following output:
Change Dir: /Users/apluzhni/Desktop/doom-nukem/libzip/build/CMakeFiles/CMakeTmp

Run Build Command(s):/usr/bin/make cmTC_bdad2/fast && /Applications/Xcode.app/Contents/Developer/usr/bin/make -f CMakeFiles/cmTC_bdad2.dir/build.make CMakeFiles/cmTC_bdad2.dir/build
Building C object CMakeFiles/cmTC_bdad2.dir/INT16_T_LIBZIP.c.o
/Applications/Xcode.app/Contents/Developer/Toolchains/XcodeDefault.xctoolchain/usr/bin/cc    -o CMakeFiles/cmTC_bdad2.dir/INT16_T_LIBZIP.c.o   -c /Users/apluzhni/Desktop/doom-nukem/libzip/build/CMakeFiles/CheckTypeSize/INT16_T_LIBZIP.c
Linking C executable cmTC_bdad2
/Users/apluzhni/.brew/Cellar/cmake/3.15.3/bin/cmake -E cmake_link_script CMakeFiles/cmTC_bdad2.dir/link.txt --verbose=1
/Applications/Xcode.app/Contents/Developer/Toolchains/XcodeDefault.xctoolchain/usr/bin/cc   -Wl,-search_paths_first -Wl,-headerpad_max_install_names   CMakeFiles/cmTC_bdad2.dir/INT16_T_LIBZIP.c.o  -o cmTC_bdad2 



Determining size of uint16_t passed with the following output:
Change Dir: /Users/apluzhni/Desktop/doom-nukem/libzip/build/CMakeFiles/CMakeTmp

Run Build Command(s):/usr/bin/make cmTC_389cd/fast && /Applications/Xcode.app/Contents/Developer/usr/bin/make -f CMakeFiles/cmTC_389cd.dir/build.make CMakeFiles/cmTC_389cd.dir/build
Building C object CMakeFiles/cmTC_389cd.dir/UINT16_T_LIBZIP.c.o
/Applications/Xcode.app/Contents/Developer/Toolchains/XcodeDefault.xctoolchain/usr/bin/cc    -o CMakeFiles/cmTC_389cd.dir/UINT16_T_LIBZIP.c.o   -c /Users/apluzhni/Desktop/doom-nukem/libzip/build/CMakeFiles/CheckTypeSize/UINT16_T_LIBZIP.c
Linking C executable cmTC_389cd
/Users/apluzhni/.brew/Cellar/cmake/3.15.3/bin/cmake -E cmake_link_script CMakeFiles/cmTC_389cd.dir/link.txt --verbose=1
/Applications/Xcode.app/Contents/Developer/Toolchains/XcodeDefault.xctoolchain/usr/bin/cc   -Wl,-search_paths_first -Wl,-headerpad_max_install_names   CMakeFiles/cmTC_389cd.dir/UINT16_T_LIBZIP.c.o  -o cmTC_389cd 



Determining size of int32_t passed with the following output:
Change Dir: /Users/apluzhni/Desktop/doom-nukem/libzip/build/CMakeFiles/CMakeTmp

Run Build Command(s):/usr/bin/make cmTC_bc490/fast && /Applications/Xcode.app/Contents/Developer/usr/bin/make -f CMakeFiles/cmTC_bc490.dir/build.make CMakeFiles/cmTC_bc490.dir/build
Building C object CMakeFiles/cmTC_bc490.dir/INT32_T_LIBZIP.c.o
/Applications/Xcode.app/Contents/Developer/Toolchains/XcodeDefault.xctoolchain/usr/bin/cc    -o CMakeFiles/cmTC_bc490.dir/INT32_T_LIBZIP.c.o   -c /Users/apluzhni/Desktop/doom-nukem/libzip/build/CMakeFiles/CheckTypeSize/INT32_T_LIBZIP.c
Linking C executable cmTC_bc490
/Users/apluzhni/.brew/Cellar/cmake/3.15.3/bin/cmake -E cmake_link_script CMakeFiles/cmTC_bc490.dir/link.txt --verbose=1
/Applications/Xcode.app/Contents/Developer/Toolchains/XcodeDefault.xctoolchain/usr/bin/cc   -Wl,-search_paths_first -Wl,-headerpad_max_install_names   CMakeFiles/cmTC_bc490.dir/INT32_T_LIBZIP.c.o  -o cmTC_bc490 



Determining size of uint32_t passed with the following output:
Change Dir: /Users/apluzhni/Desktop/doom-nukem/libzip/build/CMakeFiles/CMakeTmp

Run Build Command(s):/usr/bin/make cmTC_91ef2/fast && /Applications/Xcode.app/Contents/Developer/usr/bin/make -f CMakeFiles/cmTC_91ef2.dir/build.make CMakeFiles/cmTC_91ef2.dir/build
Building C object CMakeFiles/cmTC_91ef2.dir/UINT32_T_LIBZIP.c.o
/Applications/Xcode.app/Contents/Developer/Toolchains/XcodeDefault.xctoolchain/usr/bin/cc    -o CMakeFiles/cmTC_91ef2.dir/UINT32_T_LIBZIP.c.o   -c /Users/apluzhni/Desktop/doom-nukem/libzip/build/CMakeFiles/CheckTypeSize/UINT32_T_LIBZIP.c
Linking C executable cmTC_91ef2
/Users/apluzhni/.brew/Cellar/cmake/3.15.3/bin/cmake -E cmake_link_script CMakeFiles/cmTC_91ef2.dir/link.txt --verbose=1
/Applications/Xcode.app/Contents/Developer/Toolchains/XcodeDefault.xctoolchain/usr/bin/cc   -Wl,-search_paths_first -Wl,-headerpad_max_install_names   CMakeFiles/cmTC_91ef2.dir/UINT32_T_LIBZIP.c.o  -o cmTC_91ef2 



Determining size of int64_t passed with the following output:
Change Dir: /Users/apluzhni/Desktop/doom-nukem/libzip/build/CMakeFiles/CMakeTmp

Run Build Command(s):/usr/bin/make cmTC_00976/fast && /Applications/Xcode.app/Contents/Developer/usr/bin/make -f CMakeFiles/cmTC_00976.dir/build.make CMakeFiles/cmTC_00976.dir/build
Building C object CMakeFiles/cmTC_00976.dir/INT64_T_LIBZIP.c.o
/Applications/Xcode.app/Contents/Developer/Toolchains/XcodeDefault.xctoolchain/usr/bin/cc    -o CMakeFiles/cmTC_00976.dir/INT64_T_LIBZIP.c.o   -c /Users/apluzhni/Desktop/doom-nukem/libzip/build/CMakeFiles/CheckTypeSize/INT64_T_LIBZIP.c
Linking C executable cmTC_00976
/Users/apluzhni/.brew/Cellar/cmake/3.15.3/bin/cmake -E cmake_link_script CMakeFiles/cmTC_00976.dir/link.txt --verbose=1
/Applications/Xcode.app/Contents/Developer/Toolchains/XcodeDefault.xctoolchain/usr/bin/cc   -Wl,-search_paths_first -Wl,-headerpad_max_install_names   CMakeFiles/cmTC_00976.dir/INT64_T_LIBZIP.c.o  -o cmTC_00976 



Determining size of uint64_t passed with the following output:
Change Dir: /Users/apluzhni/Desktop/doom-nukem/libzip/build/CMakeFiles/CMakeTmp

Run Build Command(s):/usr/bin/make cmTC_81b8d/fast && /Applications/Xcode.app/Contents/Developer/usr/bin/make -f CMakeFiles/cmTC_81b8d.dir/build.make CMakeFiles/cmTC_81b8d.dir/build
Building C object CMakeFiles/cmTC_81b8d.dir/UINT64_T_LIBZIP.c.o
/Applications/Xcode.app/Contents/Developer/Toolchains/XcodeDefault.xctoolchain/usr/bin/cc    -o CMakeFiles/cmTC_81b8d.dir/UINT64_T_LIBZIP.c.o   -c /Users/apluzhni/Desktop/doom-nukem/libzip/build/CMakeFiles/CheckTypeSize/UINT64_T_LIBZIP.c
Linking C executable cmTC_81b8d
/Users/apluzhni/.brew/Cellar/cmake/3.15.3/bin/cmake -E cmake_link_script CMakeFiles/cmTC_81b8d.dir/link.txt --verbose=1
/Applications/Xcode.app/Contents/Developer/Toolchains/XcodeDefault.xctoolchain/usr/bin/cc   -Wl,-search_paths_first -Wl,-headerpad_max_install_names   CMakeFiles/cmTC_81b8d.dir/UINT64_T_LIBZIP.c.o  -o cmTC_81b8d 



Determining size of short passed with the following output:
Change Dir: /Users/apluzhni/Desktop/doom-nukem/libzip/build/CMakeFiles/CMakeTmp

Run Build Command(s):/usr/bin/make cmTC_6616b/fast && /Applications/Xcode.app/Contents/Developer/usr/bin/make -f CMakeFiles/cmTC_6616b.dir/build.make CMakeFiles/cmTC_6616b.dir/build
Building C object CMakeFiles/cmTC_6616b.dir/SHORT_LIBZIP.c.o
/Applications/Xcode.app/Contents/Developer/Toolchains/XcodeDefault.xctoolchain/usr/bin/cc    -o CMakeFiles/cmTC_6616b.dir/SHORT_LIBZIP.c.o   -c /Users/apluzhni/Desktop/doom-nukem/libzip/build/CMakeFiles/CheckTypeSize/SHORT_LIBZIP.c
Linking C executable cmTC_6616b
/Users/apluzhni/.brew/Cellar/cmake/3.15.3/bin/cmake -E cmake_link_script CMakeFiles/cmTC_6616b.dir/link.txt --verbose=1
/Applications/Xcode.app/Contents/Developer/Toolchains/XcodeDefault.xctoolchain/usr/bin/cc   -Wl,-search_paths_first -Wl,-headerpad_max_install_names   CMakeFiles/cmTC_6616b.dir/SHORT_LIBZIP.c.o  -o cmTC_6616b 



Determining size of int passed with the following output:
Change Dir: /Users/apluzhni/Desktop/doom-nukem/libzip/build/CMakeFiles/CMakeTmp

Run Build Command(s):/usr/bin/make cmTC_fa79d/fast && /Applications/Xcode.app/Contents/Developer/usr/bin/make -f CMakeFiles/cmTC_fa79d.dir/build.make CMakeFiles/cmTC_fa79d.dir/build
Building C object CMakeFiles/cmTC_fa79d.dir/INT_LIBZIP.c.o
/Applications/Xcode.app/Contents/Developer/Toolchains/XcodeDefault.xctoolchain/usr/bin/cc    -o CMakeFiles/cmTC_fa79d.dir/INT_LIBZIP.c.o   -c /Users/apluzhni/Desktop/doom-nukem/libzip/build/CMakeFiles/CheckTypeSize/INT_LIBZIP.c
Linking C executable cmTC_fa79d
/Users/apluzhni/.brew/Cellar/cmake/3.15.3/bin/cmake -E cmake_link_script CMakeFiles/cmTC_fa79d.dir/link.txt --verbose=1
/Applications/Xcode.app/Contents/Developer/Toolchains/XcodeDefault.xctoolchain/usr/bin/cc   -Wl,-search_paths_first -Wl,-headerpad_max_install_names   CMakeFiles/cmTC_fa79d.dir/INT_LIBZIP.c.o  -o cmTC_fa79d 



Determining size of long passed with the following output:
Change Dir: /Users/apluzhni/Desktop/doom-nukem/libzip/build/CMakeFiles/CMakeTmp

Run Build Command(s):/usr/bin/make cmTC_8331d/fast && /Applications/Xcode.app/Contents/Developer/usr/bin/make -f CMakeFiles/cmTC_8331d.dir/build.make CMakeFiles/cmTC_8331d.dir/build
Building C object CMakeFiles/cmTC_8331d.dir/LONG_LIBZIP.c.o
/Applications/Xcode.app/Contents/Developer/Toolchains/XcodeDefault.xctoolchain/usr/bin/cc    -o CMakeFiles/cmTC_8331d.dir/LONG_LIBZIP.c.o   -c /Users/apluzhni/Desktop/doom-nukem/libzip/build/CMakeFiles/CheckTypeSize/LONG_LIBZIP.c
Linking C executable cmTC_8331d
/Users/apluzhni/.brew/Cellar/cmake/3.15.3/bin/cmake -E cmake_link_script CMakeFiles/cmTC_8331d.dir/link.txt --verbose=1
/Applications/Xcode.app/Contents/Developer/Toolchains/XcodeDefault.xctoolchain/usr/bin/cc   -Wl,-search_paths_first -Wl,-headerpad_max_install_names   CMakeFiles/cmTC_8331d.dir/LONG_LIBZIP.c.o  -o cmTC_8331d 



Determining size of long long passed with the following output:
Change Dir: /Users/apluzhni/Desktop/doom-nukem/libzip/build/CMakeFiles/CMakeTmp

Run Build Command(s):/usr/bin/make cmTC_b699e/fast && /Applications/Xcode.app/Contents/Developer/usr/bin/make -f CMakeFiles/cmTC_b699e.dir/build.make CMakeFiles/cmTC_b699e.dir/build
Building C object CMakeFiles/cmTC_b699e.dir/LONG_LONG_LIBZIP.c.o
/Applications/Xcode.app/Contents/Developer/Toolchains/XcodeDefault.xctoolchain/usr/bin/cc    -o CMakeFiles/cmTC_b699e.dir/LONG_LONG_LIBZIP.c.o   -c /Users/apluzhni/Desktop/doom-nukem/libzip/build/CMakeFiles/CheckTypeSize/LONG_LONG_LIBZIP.c
Linking C executable cmTC_b699e
/Users/apluzhni/.brew/Cellar/cmake/3.15.3/bin/cmake -E cmake_link_script CMakeFiles/cmTC_b699e.dir/link.txt --verbose=1
/Applications/Xcode.app/Contents/Developer/Toolchains/XcodeDefault.xctoolchain/usr/bin/cc   -Wl,-search_paths_first -Wl,-headerpad_max_install_names   CMakeFiles/cmTC_b699e.dir/LONG_LONG_LIBZIP.c.o  -o cmTC_b699e 



Determining size of off_t passed with the following output:
Change Dir: /Users/apluzhni/Desktop/doom-nukem/libzip/build/CMakeFiles/CMakeTmp

Run Build Command(s):/usr/bin/make cmTC_a5d08/fast && /Applications/Xcode.app/Contents/Developer/usr/bin/make -f CMakeFiles/cmTC_a5d08.dir/build.make CMakeFiles/cmTC_a5d08.dir/build
Building C object CMakeFiles/cmTC_a5d08.dir/SIZEOF_OFF_T.c.o
/Applications/Xcode.app/Contents/Developer/Toolchains/XcodeDefault.xctoolchain/usr/bin/cc    -o CMakeFiles/cmTC_a5d08.dir/SIZEOF_OFF_T.c.o   -c /Users/apluzhni/Desktop/doom-nukem/libzip/build/CMakeFiles/CheckTypeSize/SIZEOF_OFF_T.c
Linking C executable cmTC_a5d08
/Users/apluzhni/.brew/Cellar/cmake/3.15.3/bin/cmake -E cmake_link_script CMakeFiles/cmTC_a5d08.dir/link.txt --verbose=1
/Applications/Xcode.app/Contents/Developer/Toolchains/XcodeDefault.xctoolchain/usr/bin/cc   -Wl,-search_paths_first -Wl,-headerpad_max_install_names   CMakeFiles/cmTC_a5d08.dir/SIZEOF_OFF_T.c.o  -o cmTC_a5d08 



Determining size of size_t passed with the following output:
Change Dir: /Users/apluzhni/Desktop/doom-nukem/libzip/build/CMakeFiles/CMakeTmp

Run Build Command(s):/usr/bin/make cmTC_94d0c/fast && /Applications/Xcode.app/Contents/Developer/usr/bin/make -f CMakeFiles/cmTC_94d0c.dir/build.make CMakeFiles/cmTC_94d0c.dir/build
Building C object CMakeFiles/cmTC_94d0c.dir/SIZE_T_LIBZIP.c.o
/Applications/Xcode.app/Contents/Developer/Toolchains/XcodeDefault.xctoolchain/usr/bin/cc    -o CMakeFiles/cmTC_94d0c.dir/SIZE_T_LIBZIP.c.o   -c /Users/apluzhni/Desktop/doom-nukem/libzip/build/CMakeFiles/CheckTypeSize/SIZE_T_LIBZIP.c
Linking C executable cmTC_94d0c
/Users/apluzhni/.brew/Cellar/cmake/3.15.3/bin/cmake -E cmake_link_script CMakeFiles/cmTC_94d0c.dir/link.txt --verbose=1
/Applications/Xcode.app/Contents/Developer/Toolchains/XcodeDefault.xctoolchain/usr/bin/cc   -Wl,-search_paths_first -Wl,-headerpad_max_install_names   CMakeFiles/cmTC_94d0c.dir/SIZE_T_LIBZIP.c.o  -o cmTC_94d0c 



Determining size of ssize_t passed with the following output:
Change Dir: /Users/apluzhni/Desktop/doom-nukem/libzip/build/CMakeFiles/CMakeTmp

Run Build Command(s):/usr/bin/make cmTC_8cc19/fast && /Applications/Xcode.app/Contents/Developer/usr/bin/make -f CMakeFiles/cmTC_8cc19.dir/build.make CMakeFiles/cmTC_8cc19.dir/build
Building C object CMakeFiles/cmTC_8cc19.dir/SSIZE_T_LIBZIP.c.o
/Applications/Xcode.app/Contents/Developer/Toolchains/XcodeDefault.xctoolchain/usr/bin/cc    -o CMakeFiles/cmTC_8cc19.dir/SSIZE_T_LIBZIP.c.o   -c /Users/apluzhni/Desktop/doom-nukem/libzip/build/CMakeFiles/CheckTypeSize/SSIZE_T_LIBZIP.c
Linking C executable cmTC_8cc19
/Users/apluzhni/.brew/Cellar/cmake/3.15.3/bin/cmake -E cmake_link_script CMakeFiles/cmTC_8cc19.dir/link.txt --verbose=1
/Applications/Xcode.app/Contents/Developer/Toolchains/XcodeDefault.xctoolchain/usr/bin/cc   -Wl,-search_paths_first -Wl,-headerpad_max_install_names   CMakeFiles/cmTC_8cc19.dir/SSIZE_T_LIBZIP.c.o  -o cmTC_8cc19 



Performing C SOURCE FILE Test HAVE_NULLABLE succeeded with the following output:
Change Dir: /Users/apluzhni/Desktop/doom-nukem/libzip/build/CMakeFiles/CMakeTmp

Run Build Command(s):/usr/bin/make cmTC_7bd11/fast && /Applications/Xcode.app/Contents/Developer/usr/bin/make -f CMakeFiles/cmTC_7bd11.dir/build.make CMakeFiles/cmTC_7bd11.dir/build
Building C object CMakeFiles/cmTC_7bd11.dir/src.c.o
/Applications/Xcode.app/Contents/Developer/Toolchains/XcodeDefault.xctoolchain/usr/bin/cc   -DHAVE_NULLABLE   -o CMakeFiles/cmTC_7bd11.dir/src.c.o   -c /Users/apluzhni/Desktop/doom-nukem/libzip/build/CMakeFiles/CMakeTmp/src.c
Linking C executable cmTC_7bd11
/Users/apluzhni/.brew/Cellar/cmake/3.15.3/bin/cmake -E cmake_link_script CMakeFiles/cmTC_7bd11.dir/link.txt --verbose=1
/Applications/Xcode.app/Contents/Developer/Toolchains/XcodeDefault.xctoolchain/usr/bin/cc  -DHAVE_NULLABLE -Wl,-search_paths_first -Wl,-headerpad_max_install_names   CMakeFiles/cmTC_7bd11.dir/src.c.o  -o cmTC_7bd11 


Source file was:

int foo(char * _Nullable bar);
int main(int argc, char *argv[]) { }
Determining size of unsigned short passed with the following output:
Change Dir: /Users/apluzhni/Desktop/doom-nukem/libzip/build/CMakeFiles/CMakeTmp

Run Build Command(s):/usr/bin/make cmTC_466ca/fast && /Applications/Xcode.app/Contents/Developer/usr/bin/make -f CMakeFiles/cmTC_466ca.dir/build.make CMakeFiles/cmTC_466ca.dir/build
Building C object CMakeFiles/cmTC_466ca.dir/CMAKE_SIZEOF_UNSIGNED_SHORT.c.o
/Applications/Xcode.app/Contents/Developer/Toolchains/XcodeDefault.xctoolchain/usr/bin/cc    -o CMakeFiles/cmTC_466ca.dir/CMAKE_SIZEOF_UNSIGNED_SHORT.c.o   -c /Users/apluzhni/Desktop/doom-nukem/libzip/build/CMakeFiles/CheckTypeSize/CMAKE_SIZEOF_UNSIGNED_SHORT.c
Linking C executable cmTC_466ca
/Users/apluzhni/.brew/Cellar/cmake/3.15.3/bin/cmake -E cmake_link_script CMakeFiles/cmTC_466ca.dir/link.txt --verbose=1
/Applications/Xcode.app/Contents/Developer/Toolchains/XcodeDefault.xctoolchain/usr/bin/cc   -Wl,-search_paths_first -Wl,-headerpad_max_install_names   CMakeFiles/cmTC_466ca.dir/CMAKE_SIZEOF_UNSIGNED_SHORT.c.o  -o cmTC_466ca 



Determining if the system is big endian passed with the following output:
Change Dir: /Users/apluzhni/Desktop/doom-nukem/libzip/build/CMakeFiles/CMakeTmp

Run Build Command(s):/usr/bin/make cmTC_2be34/fast && /Applications/Xcode.app/Contents/Developer/usr/bin/make -f CMakeFiles/cmTC_2be34.dir/build.make CMakeFiles/cmTC_2be34.dir/build
Building C object CMakeFiles/cmTC_2be34.dir/TestEndianess.c.o
/Applications/Xcode.app/Contents/Developer/Toolchains/XcodeDefault.xctoolchain/usr/bin/cc    -o CMakeFiles/cmTC_2be34.dir/TestEndianess.c.o   -c /Users/apluzhni/Desktop/doom-nukem/libzip/build/CMakeFiles/CMakeTmp/TestEndianess.c
Linking C executable cmTC_2be34
/Users/apluzhni/.brew/Cellar/cmake/3.15.3/bin/cmake -E cmake_link_script CMakeFiles/cmTC_2be34.dir/link.txt --verbose=1
/Applications/Xcode.app/Contents/Developer/Toolchains/XcodeDefault.xctoolchain/usr/bin/cc   -Wl,-search_paths_first -Wl,-headerpad_max_install_names   CMakeFiles/cmTC_2be34.dir/TestEndianess.c.o  -o cmTC_2be34 


TestEndianess.c:
/* A 16 bit integer is required. */
typedef unsigned short cmakeint16;

/* On a little endian machine, these 16bit ints will give "THIS IS LITTLE ENDIAN."
   On a big endian machine the characters will be exchanged pairwise. */
const cmakeint16 info_little[] =  {0x4854, 0x5349, 0x4920, 0x2053, 0x494c, 0x5454, 0x454c, 0x4520, 0x444e, 0x4149, 0x2e4e, 0x0000};

/* on a big endian machine, these 16bit ints will give "THIS IS BIG ENDIAN."
   On a little endian machine the characters will be exchanged pairwise. */
const cmakeint16 info_big[] =     {0x5448, 0x4953, 0x2049, 0x5320, 0x4249, 0x4720, 0x454e, 0x4449, 0x414e, 0x2e2e, 0x0000};

#ifdef __CLASSIC_C__
int main(argc, argv) int argc; char *argv[];
#else
int main(int argc, char *argv[])
#endif
{
  int require = 0;
  require += info_little[argc];
  require += info_big[argc];
  (void)argv;
  return require;
}


Determining if the BZ2_bzCompressInit exist passed with the following output:
Change Dir: /Users/apluzhni/Desktop/doom-nukem/libzip/build/CMakeFiles/CMakeTmp

Run Build Command(s):/usr/bin/make cmTC_4f957/fast && /Applications/Xcode.app/Contents/Developer/usr/bin/make -f CMakeFiles/cmTC_4f957.dir/build.make CMakeFiles/cmTC_4f957.dir/build
Building C object CMakeFiles/cmTC_4f957.dir/CheckSymbolExists.c.o
/Applications/Xcode.app/Contents/Developer/Toolchains/XcodeDefault.xctoolchain/usr/bin/cc    -o CMakeFiles/cmTC_4f957.dir/CheckSymbolExists.c.o   -c /Users/apluzhni/Desktop/doom-nukem/libzip/build/CMakeFiles/CMakeTmp/CheckSymbolExists.c
Linking C executable cmTC_4f957
/Users/apluzhni/.brew/Cellar/cmake/3.15.3/bin/cmake -E cmake_link_script CMakeFiles/cmTC_4f957.dir/link.txt --verbose=1
/Applications/Xcode.app/Contents/Developer/Toolchains/XcodeDefault.xctoolchain/usr/bin/cc   -Wl,-search_paths_first -Wl,-headerpad_max_install_names   CMakeFiles/cmTC_4f957.dir/CheckSymbolExists.c.o  -o cmTC_4f957 /usr/lib/libbz2.dylib 


File /Users/apluzhni/Desktop/doom-nukem/libzip/build/CMakeFiles/CMakeTmp/CheckSymbolExists.c:
/* */
#include <bzlib.h>

int main(int argc, char** argv)
{
  (void)argv;
#ifndef BZ2_bzCompressInit
  return ((int*)(&BZ2_bzCompressInit))[argc];
#else
  (void)argc;
  return 0;
#endif
}

Determining if the function getopt exists passed with the following output:
Change Dir: /Users/apluzhni/Desktop/doom-nukem/libzip/build/CMakeFiles/CMakeTmp

Run Build Command(s):/usr/bin/make cmTC_3f2db/fast && /Applications/Xcode.app/Contents/Developer/usr/bin/make -f CMakeFiles/cmTC_3f2db.dir/build.make CMakeFiles/cmTC_3f2db.dir/build
Building C object CMakeFiles/cmTC_3f2db.dir/CheckFunctionExists.c.o
/Applications/Xcode.app/Contents/Developer/Toolchains/XcodeDefault.xctoolchain/usr/bin/cc   -DCHECK_FUNCTION_EXISTS=getopt   -o CMakeFiles/cmTC_3f2db.dir/CheckFunctionExists.c.o   -c /Users/apluzhni/.brew/Cellar/cmake/3.15.3/share/cmake/Modules/CheckFunctionExists.c
Linking C executable cmTC_3f2db
/Users/apluzhni/.brew/Cellar/cmake/3.15.3/bin/cmake -E cmake_link_script CMakeFiles/cmTC_3f2db.dir/link.txt --verbose=1
/Applications/Xcode.app/Contents/Developer/Toolchains/XcodeDefault.xctoolchain/usr/bin/cc  -DCHECK_FUNCTION_EXISTS=getopt -Wl,-search_paths_first -Wl,-headerpad_max_install_names   CMakeFiles/cmTC_3f2db.dir/CheckFunctionExists.c.o  -o cmTC_3f2db 



